#
# There is insufficient memory for the Java Runtime Environment to continue.
# Native memory allocation (malloc) failed to allocate 612816 bytes. Error detail: Chunk::new
# Possible reasons:
#   The system is out of physical RAM or swap space
#   This process is running with CompressedOops enabled, and the Java Heap may be blocking the growth of the native heap
# Possible solutions:
#   Reduce memory load on the system
#   Increase physical memory or swap space
#   Check if swap backing store is full
#   Decrease Java heap size (-Xmx/-Xms)
#   Decrease number of Java threads
#   Decrease Java thread stack sizes (-Xss)
#   Set larger code cache with -XX:ReservedCodeCacheSize=
#   JVM is running with Unscaled Compressed Oops mode in which the Java heap is
#     placed in the first 4GB address space. The Java Heap base address is the
#     maximum limit for the native heap growth. Please use -XX:HeapBaseMinAddress
#     to set the Java Heap base and to place the Java Heap above 4GB virtual address.
# This output file may be truncated or incomplete.
#
#  Out of Memory Error (arena.cpp:168), pid=23084, tid=23028
#
# JRE version: OpenJDK Runtime Environment Temurin-21.0.9+10 (21.0.9+10) (build 21.0.9+10-LTS)
# Java VM: OpenJDK 64-Bit Server VM Temurin-21.0.9+10 (21.0.9+10-LTS, mixed mode, sharing, tiered, compressed oops, compressed class ptrs, parallel gc, windows-amd64)
# No core dump will be written. Minidumps are not enabled by default on client versions of Windows
#

---------------  S U M M A R Y ------------

Command Line: --add-modules=ALL-SYSTEM --add-opens=java.base/java.util=ALL-UNNAMED --add-opens=java.base/java.lang=ALL-UNNAMED --add-opens=java.base/sun.nio.fs=ALL-UNNAMED -Declipse.application=org.eclipse.jdt.ls.core.id1 -Dosgi.bundles.defaultStartLevel=4 -Declipse.product=org.eclipse.jdt.ls.core.product -Djava.import.generatesMetadataFilesAtProjectRoot=false -DDetectVMInstallationsJob.disabled=true -Dfile.encoding=utf8 -XX:+UseParallelGC -XX:GCTimeRatio=4 -XX:AdaptiveSizePolicyWeight=90 -Dsun.zip.disableMemoryMapping=true -Xmx2G -Xms100m -Xlog:disable -javaagent:c:\Users\rautn\.vscode\extensions\redhat.java-1.51.0-win32-x64\lombok\lombok-1.18.39-4050.jar -XX:+HeapDumpOnOutOfMemoryError -XX:HeapDumpPath=c:\Users\rautn\AppData\Roaming\Code\User\workspaceStorage\6f07e048cb149c91d73451993cf483fa\redhat.java -Daether.dependencyCollector.impl=bf c:\Users\rautn\.vscode\extensions\redhat.java-1.51.0-win32-x64\server\plugins\org.eclipse.equinox.launcher_1.7.100.v20251111-0406.jar -configuration c:\Users\rautn\AppData\Roaming\Code\User\globalStorage\redhat.java\1.51.0\config_win -data c:\Users\rautn\AppData\Roaming\Code\User\workspaceStorage\6f07e048cb149c91d73451993cf483fa\redhat.java\jdt_ws --pipe=\\.\pipe\lsp-83e025315dc4b1c373e609c1997f0a44-sock

Host: 11th Gen Intel(R) Core(TM) i5-1135G7 @ 2.40GHz, 8 cores, 7G,  Windows 11 , 64 bit Build 26100 (10.0.26100.7623)
Time: Mon Jan 26 23:29:46 2026 India Standard Time elapsed time: 6.201156 seconds (0d 0h 0m 6s)

---------------  T H R E A D  ---------------

Current thread (0x0000018509888fd0):  JavaThread "C2 CompilerThread1" daemon [_thread_in_native, id=23028, stack(0x0000001d25100000,0x0000001d25200000) (1024K)]


Current CompileTask:
C2:6201 2087 %     4       org.eclipse.osgi.util.ManifestElement::readLine @ 0 (122 bytes)

Stack: [0x0000001d25100000,0x0000001d25200000]
Native frames: (J=compiled Java code, j=interpreted, Vv=VM code, C=native code)
V  [jvm.dll+0x6d6e29]
V  [jvm.dll+0x8b4b76]
V  [jvm.dll+0x8b712e]
V  [jvm.dll+0x8b7813]
V  [jvm.dll+0x283d86]
V  [jvm.dll+0xc66ed]
V  [jvm.dll+0xc6c31]
V  [jvm.dll+0x3be501]
V  [jvm.dll+0x38ab92]
V  [jvm.dll+0x389fda]
V  [jvm.dll+0x24bfa0]
V  [jvm.dll+0x24b580]
V  [jvm.dll+0x1cb13e]
V  [jvm.dll+0x25b29d]
V  [jvm.dll+0x25982a]
V  [jvm.dll+0x3f7ea6]
V  [jvm.dll+0x85e9ad]
V  [jvm.dll+0x6d565d]
C  [ucrtbase.dll+0x37b0]
C  [KERNEL32.DLL+0x2e8d7]
C  [ntdll.dll+0x8c53c]


---------------  P R O C E S S  ---------------

Threads class SMR info:
_java_thread_list=0x000001850e9d0710, length=17, elements={
0x00000184b0208740, 0x00000184c6c78390, 0x00000184c6c7a340, 0x00000184c6c7ce90,
0x00000184c6c7dae0, 0x00000184c6c83410, 0x00000184c6c84730, 0x00000184c6c88ad0,
0x00000185095916d0, 0x00000185096f5630, 0x00000185098757f0, 0x000001850e838d70,
0x000001850e068540, 0x000001850e9ea0f0, 0x000001850e9ea750, 0x0000018509888fd0,
0x000001850e699a20
}

Java Threads: ( => current thread )
  0x00000184b0208740 JavaThread "main"                              [_thread_blocked, id=23368, stack(0x0000001d23800000,0x0000001d23900000) (1024K)]
  0x00000184c6c78390 JavaThread "Reference Handler"          daemon [_thread_blocked, id=12484, stack(0x0000001d23c00000,0x0000001d23d00000) (1024K)]
  0x00000184c6c7a340 JavaThread "Finalizer"                  daemon [_thread_blocked, id=18012, stack(0x0000001d23d00000,0x0000001d23e00000) (1024K)]
  0x00000184c6c7ce90 JavaThread "Signal Dispatcher"          daemon [_thread_blocked, id=9224, stack(0x0000001d23e00000,0x0000001d23f00000) (1024K)]
  0x00000184c6c7dae0 JavaThread "Attach Listener"            daemon [_thread_blocked, id=14980, stack(0x0000001d23f00000,0x0000001d24000000) (1024K)]
  0x00000184c6c83410 JavaThread "Service Thread"             daemon [_thread_blocked, id=13848, stack(0x0000001d24000000,0x0000001d24100000) (1024K)]
  0x00000184c6c84730 JavaThread "Monitor Deflation Thread"   daemon [_thread_blocked, id=812, stack(0x0000001d24100000,0x0000001d24200000) (1024K)]
  0x00000184c6c88ad0 JavaThread "C2 CompilerThread0"         daemon [_thread_in_native, id=17364, stack(0x0000001d24200000,0x0000001d24300000) (1024K)]
  0x00000185095916d0 JavaThread "C1 CompilerThread0"         daemon [_thread_in_native, id=22744, stack(0x0000001d24300000,0x0000001d24400000) (1024K)]
  0x00000185096f5630 JavaThread "Common-Cleaner"             daemon [_thread_blocked, id=20944, stack(0x0000001d24400000,0x0000001d24500000) (1024K)]
  0x00000185098757f0 JavaThread "Notification Thread"        daemon [_thread_blocked, id=19524, stack(0x0000001d24600000,0x0000001d24700000) (1024K)]
  0x000001850e838d70 JavaThread "Active Thread: Equinox Container: 3a9716cb-962b-4da0-8822-c984b11ed732"        [_thread_blocked, id=10308, stack(0x0000001d24500000,0x0000001d24600000) (1024K)]
  0x000001850e068540 JavaThread "Refresh Thread: Equinox Container: 3a9716cb-962b-4da0-8822-c984b11ed732" daemon [_thread_blocked, id=18988, stack(0x0000001d24700000,0x0000001d24800000) (1024K)]
  0x000001850e9ea0f0 JavaThread "Framework Event Dispatcher: Equinox Container: 3a9716cb-962b-4da0-8822-c984b11ed732" daemon [_thread_blocked, id=15540, stack(0x0000001d24f00000,0x0000001d25000000) (1024K)]
  0x000001850e9ea750 JavaThread "Start Level: Equinox Container: 3a9716cb-962b-4da0-8822-c984b11ed732" daemon [_thread_in_Java, id=10992, stack(0x0000001d25000000,0x0000001d25100000) (1024K)]
=>0x0000018509888fd0 JavaThread "C2 CompilerThread1"         daemon [_thread_in_native, id=23028, stack(0x0000001d25100000,0x0000001d25200000) (1024K)]
  0x000001850e699a20 JavaThread "C2 CompilerThread2"         daemon [_thread_blocked, id=21304, stack(0x0000001d25200000,0x0000001d25300000) (1024K)]
Total: 17

Other Threads:
  0x00000184b02a7760 VMThread "VM Thread"                           [id=21164, stack(0x0000001d23b00000,0x0000001d23c00000) (1024K)]
  0x00000184b0275be0 WatcherThread "VM Periodic Task Thread"        [id=21244, stack(0x0000001d23a00000,0x0000001d23b00000) (1024K)]
  0x00000184b0227cd0 WorkerThread "GC Thread#0"                     [id=5432, stack(0x0000001d23900000,0x0000001d23a00000) (1024K)]
  0x000001850e30d380 WorkerThread "GC Thread#1"                     [id=1600, stack(0x0000001d24800000,0x0000001d24900000) (1024K)]
  0x000001850e30d720 WorkerThread "GC Thread#2"                     [id=22924, stack(0x0000001d24900000,0x0000001d24a00000) (1024K)]
  0x000001850993e190 WorkerThread "GC Thread#3"                     [id=5808, stack(0x0000001d24a00000,0x0000001d24b00000) (1024K)]
  0x000001850993e530 WorkerThread "GC Thread#4"                     [id=18104, stack(0x0000001d24b00000,0x0000001d24c00000) (1024K)]
  0x000001850993e8d0 WorkerThread "GC Thread#5"                     [id=8112, stack(0x0000001d24c00000,0x0000001d24d00000) (1024K)]
  0x000001850e3adab0 WorkerThread "GC Thread#6"                     [id=17368, stack(0x0000001d24d00000,0x0000001d24e00000) (1024K)]
  0x000001850e6cb740 WorkerThread "GC Thread#7"                     [id=17116, stack(0x0000001d24e00000,0x0000001d24f00000) (1024K)]
Total: 10

Threads with active compile tasks:
C1 CompilerThread0  6322 2127       3       java.util.concurrent.ConcurrentHashMap::<init> (5 bytes)
C2 CompilerThread1  6322 2087 %     4       org.eclipse.osgi.util.ManifestElement::readLine @ 0 (122 bytes)
Total: 2

VM state: not at safepoint (normal execution)

VM Mutex/Monitor currently owned by a thread: None

Heap address: 0x0000000080000000, size: 2048 MB, Compressed Oops mode: 32-bit

CDS archive(s) mapped at: [0x00000184c7000000-0x00000184c7ba0000-0x00000184c7ba0000), size 12189696, SharedBaseAddress: 0x00000184c7000000, ArchiveRelocationMode: 1.
Compressed class space mapped at: 0x00000184c8000000-0x0000018508000000, reserved size: 1073741824
Narrow klass base: 0x00000184c7000000, Narrow klass shift: 0, Narrow klass range: 0x100000000

GC Precious Log:
 CardTable entry size: 512
 CPUs: 8 total, 8 available
 Memory: 7834M
 Large Page Support: Disabled
 NUMA Support: Disabled
 Compressed Oops: Enabled (32-bit)
 Alignments: Space 512K, Generation 512K, Heap 2M
 Heap Min Capacity: 100M
 Heap Initial Capacity: 100M
 Heap Max Capacity: 2G
 Pre-touch: Disabled
 Parallel Workers: 8

Heap:
 PSYoungGen      total 29696K, used 26926K [0x00000000d5580000, 0x00000000d7680000, 0x0000000100000000)
  eden space 25600K, 89% used [0x00000000d5580000,0x00000000d6bd2160,0x00000000d6e80000)
  from space 4096K, 99% used [0x00000000d7280000,0x00000000d7679820,0x00000000d7680000)
  to   space 4096K, 0% used [0x00000000d6e80000,0x00000000d6e80000,0x00000000d7280000)
 ParOldGen       total 68608K, used 1843K [0x0000000080000000, 0x0000000084300000, 0x00000000d5580000)
  object space 68608K, 2% used [0x0000000080000000,0x00000000801ccec8,0x0000000084300000)
 Metaspace       used 9415K, committed 9728K, reserved 1114112K
  class space    used 1006K, committed 1152K, reserved 1048576K

Card table byte_map: [0x00000184afba0000,0x00000184affb0000] _byte_map_base: 0x00000184af7a0000

Marking Bits: (ParMarkBitMap*) 0x00007ffb74ed2460
 Begin Bits: [0x00000184c26b0000, 0x00000184c46b0000)
 End Bits:   [0x00000184c46b0000, 0x00000184c66b0000)

Polling page: 0x00000184ae1b0000

Metaspace:

Usage:
  Non-class:      8.21 MB used.
      Class:   1006.94 KB used.
       Both:      9.19 MB used.

Virtual space:
  Non-class space:       64.00 MB reserved,       8.38 MB ( 13%) committed,  1 nodes.
      Class space:        1.00 GB reserved,       1.12 MB ( <1%) committed,  1 nodes.
             Both:        1.06 GB reserved,       9.50 MB ( <1%) committed. 

Chunk freelists:
   Non-Class:  6.88 MB
       Class:  14.79 MB
        Both:  21.66 MB

MaxMetaspaceSize: unlimited
CompressedClassSpaceSize: 1.00 GB
Initial GC threshold: 21.00 MB
Current GC threshold: 21.00 MB
CDS: on
 - commit_granule_bytes: 65536.
 - commit_granule_words: 8192.
 - virtual_space_node_default_size: 8388608.
 - enlarge_chunks_in_place: 1.
 - use_allocation_guard: 0.


Internal statistics:

num_allocs_failed_limit: 0.
num_arena_births: 256.
num_arena_deaths: 0.
num_vsnodes_births: 2.
num_vsnodes_deaths: 0.
num_space_committed: 152.
num_space_uncommitted: 0.
num_chunks_returned_to_freelist: 0.
num_chunks_taken_from_freelist: 509.
num_chunk_merges: 0.
num_chunk_splits: 322.
num_chunks_enlarged: 211.
num_inconsistent_stats: 0.

CodeHeap 'non-profiled nmethods': size=120000Kb used=973Kb max_used=973Kb free=119026Kb
 bounds [0x00000184baed0000, 0x00000184bb140000, 0x00000184c2400000]
CodeHeap 'profiled nmethods': size=120000Kb used=3982Kb max_used=3982Kb free=116017Kb
 bounds [0x00000184b3400000, 0x00000184b37f0000, 0x00000184ba930000]
CodeHeap 'non-nmethods': size=5760Kb used=1237Kb max_used=1275Kb free=4522Kb
 bounds [0x00000184ba930000, 0x00000184baba0000, 0x00000184baed0000]
CodeCache: size=245760Kb, used=6192Kb, max_used=6230Kb, free=239565Kb
 total_blobs=2616, nmethods=2124, adapters=398, full_count=0
Compilation: enabled, stopped_count=0, restarted_count=0

Compilation events (20 events):
Event: 6.127 Thread 0x00000185095916d0 2084       3       org.eclipse.osgi.framework.util.CaseInsensitiveDictionaryMap$EntryIterator::next (5 bytes)
Event: 6.127 Thread 0x00000185095916d0 nmethod 2084 0x00000184b37ca110 code [0x00000184b37ca2e0, 0x00000184b37ca760]
Event: 6.127 Thread 0x00000185095916d0 2085       3       org.eclipse.osgi.framework.util.CaseInsensitiveDictionaryMap$EntryIterator::next (20 bytes)
Event: 6.129 Thread 0x00000185095916d0 nmethod 2085 0x00000184b37ca910 code [0x00000184b37caae0, 0x00000184b37caf08]
Event: 6.129 Thread 0x00000185095916d0 2086       3       aQute.libg.qtokens.QuotedTokenizer::nextToken (298 bytes)
Event: 6.131 Thread 0x0000018509888fd0 nmethod 2064 0x00000184bafbde10 code [0x00000184bafbe020, 0x00000184bafbe698]
Event: 6.132 Thread 0x00000185095916d0 nmethod 2086 0x00000184b37cb090 code [0x00000184b37cb480, 0x00000184b37cce48]
Event: 6.138 Thread 0x0000018509888fd0 2087 %     4       org.eclipse.osgi.util.ManifestElement::readLine @ 0 (122 bytes)
Event: 6.138 Thread 0x00000185095916d0 2088       3       org.eclipse.osgi.internal.loader.BundleLoaderSources::forceSourceCreation (31 bytes)
Event: 6.139 Thread 0x00000185095916d0 nmethod 2088 0x00000184b37cd910 code [0x00000184b37cdae0, 0x00000184b37cde50]
Event: 6.139 Thread 0x00000185095916d0 2089   !   3       java.util.Collections$SynchronizedCollection::add (25 bytes)
Event: 6.139 Thread 0x00000185095916d0 nmethod 2089 0x00000184b37cdf90 code [0x00000184b37ce140, 0x00000184b37ce410]
Event: 6.157 Thread 0x00000185095916d0 2090       1       org.eclipse.osgi.internal.loader.EquinoxClassLoader::getGeneration (5 bytes)
Event: 6.157 Thread 0x00000185095916d0 nmethod 2090 0x00000184bafbe990 code [0x00000184bafbeb20, 0x00000184bafbebe8]
Event: 6.172 Thread 0x00000184c6c88ad0 2091   !   4       jdk.internal.misc.Blocker::begin (97 bytes)
Event: 6.172 Thread 0x000001850e699a20 2092       4       jdk.internal.misc.Blocker::end (71 bytes)
Event: 6.173 Thread 0x000001850e699a20 nmethod 2092 0x00000184bafbec90 code [0x00000184bafbee20, 0x00000184bafbeeb8]
Event: 6.173 Thread 0x00000184c6c88ad0 nmethod 2091 0x00000184bafbef90 code [0x00000184bafbf120, 0x00000184bafbf1e8]
Event: 6.183 Thread 0x00000185095916d0 2093   !   3       org.eclipse.osgi.storage.BundleInfo$Generation::getBundleFile (91 bytes)
Event: 6.184 Thread 0x00000185095916d0 nmethod 2093 0x00000184b37ce590 code [0x00000184b37ce780, 0x00000184b37cec30]

GC Heap History (4 events):
Event: 3.591 GC heap before
{Heap before GC invocations=1 (full 0):
 PSYoungGen      total 29696K, used 25600K [0x00000000d5580000, 0x00000000d7680000, 0x0000000100000000)
  eden space 25600K, 100% used [0x00000000d5580000,0x00000000d6e80000,0x00000000d6e80000)
  from space 4096K, 0% used [0x00000000d7280000,0x00000000d7280000,0x00000000d7680000)
  to   space 4096K, 0% used [0x00000000d6e80000,0x00000000d6e80000,0x00000000d7280000)
 ParOldGen       total 68608K, used 0K [0x0000000080000000, 0x0000000084300000, 0x00000000d5580000)
  object space 68608K, 0% used [0x0000000080000000,0x0000000080000000,0x0000000084300000)
 Metaspace       used 4338K, committed 4608K, reserved 1114112K
  class space    used 472K, committed 576K, reserved 1048576K
}
Event: 3.607 GC heap after
{Heap after GC invocations=1 (full 0):
 PSYoungGen      total 29696K, used 3312K [0x00000000d5580000, 0x00000000d7680000, 0x0000000100000000)
  eden space 25600K, 0% used [0x00000000d5580000,0x00000000d5580000,0x00000000d6e80000)
  from space 4096K, 80% used [0x00000000d6e80000,0x00000000d71bc148,0x00000000d7280000)
  to   space 4096K, 0% used [0x00000000d7280000,0x00000000d7280000,0x00000000d7680000)
 ParOldGen       total 68608K, used 0K [0x0000000080000000, 0x0000000084300000, 0x00000000d5580000)
  object space 68608K, 0% used [0x0000000080000000,0x0000000080000000,0x0000000084300000)
 Metaspace       used 4338K, committed 4608K, reserved 1114112K
  class space    used 472K, committed 576K, reserved 1048576K
}
Event: 5.661 GC heap before
{Heap before GC invocations=2 (full 0):
 PSYoungGen      total 29696K, used 28912K [0x00000000d5580000, 0x00000000d7680000, 0x0000000100000000)
  eden space 25600K, 100% used [0x00000000d5580000,0x00000000d6e80000,0x00000000d6e80000)
  from space 4096K, 80% used [0x00000000d6e80000,0x00000000d71bc148,0x00000000d7280000)
  to   space 4096K, 0% used [0x00000000d7280000,0x00000000d7280000,0x00000000d7680000)
 ParOldGen       total 68608K, used 0K [0x0000000080000000, 0x0000000084300000, 0x00000000d5580000)
  object space 68608K, 0% used [0x0000000080000000,0x0000000080000000,0x0000000084300000)
 Metaspace       used 8012K, committed 8320K, reserved 1114112K
  class space    used 839K, committed 960K, reserved 1048576K
}
Event: 5.672 GC heap after
{Heap after GC invocations=2 (full 0):
 PSYoungGen      total 29696K, used 4070K [0x00000000d5580000, 0x00000000d7680000, 0x0000000100000000)
  eden space 25600K, 0% used [0x00000000d5580000,0x00000000d5580000,0x00000000d6e80000)
  from space 4096K, 99% used [0x00000000d7280000,0x00000000d7679820,0x00000000d7680000)
  to   space 4096K, 0% used [0x00000000d6e80000,0x00000000d6e80000,0x00000000d7280000)
 ParOldGen       total 68608K, used 1843K [0x0000000080000000, 0x0000000084300000, 0x00000000d5580000)
  object space 68608K, 2% used [0x0000000080000000,0x00000000801ccec8,0x0000000084300000)
 Metaspace       used 8012K, committed 8320K, reserved 1114112K
  class space    used 839K, committed 960K, reserved 1048576K
}

Dll operation events (9 events):
Event: 0.040 Loaded shared library c:\Users\rautn\.vscode\extensions\redhat.java-1.51.0-win32-x64\jre\21.0.9-win32-x86_64\bin\java.dll
Event: 0.639 Loaded shared library c:\Users\rautn\.vscode\extensions\redhat.java-1.51.0-win32-x64\jre\21.0.9-win32-x86_64\bin\zip.dll
Event: 0.787 Loaded shared library C:\Users\rautn\.vscode\extensions\redhat.java-1.51.0-win32-x64\jre\21.0.9-win32-x86_64\bin\instrument.dll
Event: 0.845 Loaded shared library C:\Users\rautn\.vscode\extensions\redhat.java-1.51.0-win32-x64\jre\21.0.9-win32-x86_64\bin\net.dll
Event: 0.855 Loaded shared library C:\Users\rautn\.vscode\extensions\redhat.java-1.51.0-win32-x64\jre\21.0.9-win32-x86_64\bin\nio.dll
Event: 0.871 Loaded shared library C:\Users\rautn\.vscode\extensions\redhat.java-1.51.0-win32-x64\jre\21.0.9-win32-x86_64\bin\zip.dll
Event: 0.906 Loaded shared library C:\Users\rautn\.vscode\extensions\redhat.java-1.51.0-win32-x64\jre\21.0.9-win32-x86_64\bin\jimage.dll
Event: 1.180 Loaded shared library c:\Users\rautn\.vscode\extensions\redhat.java-1.51.0-win32-x64\jre\21.0.9-win32-x86_64\bin\verify.dll
Event: 5.717 Loaded shared library C:\Users\rautn\AppData\Roaming\Code\User\globalStorage\redhat.java\1.51.0\config_win\org.eclipse.equinox.launcher\org.eclipse.equinox.launcher.win32.win32.x86_64_1.2.1400.v20250801-0854\eclipse_11916.dll

Deoptimization events (20 events):
Event: 5.800 Thread 0x000001850e9ea750 Uncommon trap: trap_request=0xffffff6e fr.pc=0x00000184baf498a8 relative=0x0000000000000368
Event: 5.800 Thread 0x000001850e9ea750 Uncommon trap: reason=loop_limit_check action=maybe_recompile pc=0x00000184baf498a8 method=java.lang.StringLatin1.indexOf([BI[BII)I @ 37 c2
Event: 5.800 Thread 0x000001850e9ea750 DEOPT PACKING pc=0x00000184baf498a8 sp=0x0000001d250fd2b0
Event: 5.800 Thread 0x000001850e9ea750 DEOPT UNPACKING pc=0x00000184ba986da2 sp=0x0000001d250fd210 mode 2
Event: 5.845 Thread 0x000001850e9ea750 Uncommon trap: trap_request=0xffffff45 fr.pc=0x00000184baf53534 relative=0x0000000000000094
Event: 5.845 Thread 0x000001850e9ea750 Uncommon trap: reason=unstable_if action=reinterpret pc=0x00000184baf53534 method=java.io.BufferedInputStream.getBufIfOpen(Z)[B @ 13 c2
Event: 5.845 Thread 0x000001850e9ea750 DEOPT PACKING pc=0x00000184baf53534 sp=0x0000001d250fe1c0
Event: 5.845 Thread 0x000001850e9ea750 DEOPT UNPACKING pc=0x00000184ba986da2 sp=0x0000001d250fe140 mode 2
Event: 5.847 Thread 0x000001850e9ea750 Uncommon trap: trap_request=0xffffff45 fr.pc=0x00000184baf90fc4 relative=0x0000000000000f84
Event: 5.847 Thread 0x000001850e9ea750 Uncommon trap: reason=unstable_if action=reinterpret pc=0x00000184baf90fc4 method=java.lang.String.<init>(Ljava/nio/charset/Charset;[BII)V @ 6 c2
Event: 5.847 Thread 0x000001850e9ea750 DEOPT PACKING pc=0x00000184baf90fc4 sp=0x0000001d250fe160
Event: 5.847 Thread 0x000001850e9ea750 DEOPT UNPACKING pc=0x00000184ba986da2 sp=0x0000001d250fe110 mode 2
Event: 6.008 Thread 0x000001850e9ea750 Uncommon trap: trap_request=0xffffff45 fr.pc=0x00000184baf0ecf4 relative=0x0000000000000054
Event: 6.008 Thread 0x000001850e9ea750 Uncommon trap: reason=unstable_if action=reinterpret pc=0x00000184baf0ecf4 method=java.lang.CharacterData.of(I)Ljava/lang/CharacterData; @ 4 c2
Event: 6.008 Thread 0x000001850e9ea750 DEOPT PACKING pc=0x00000184baf0ecf4 sp=0x0000001d250fdb90
Event: 6.008 Thread 0x000001850e9ea750 DEOPT UNPACKING pc=0x00000184ba986da2 sp=0x0000001d250fdb28 mode 2
Event: 6.028 Thread 0x000001850e9ea750 Uncommon trap: trap_request=0xffffff45 fr.pc=0x00000184baf86748 relative=0x00000000000009e8
Event: 6.028 Thread 0x000001850e9ea750 Uncommon trap: reason=unstable_if action=reinterpret pc=0x00000184baf86748 method=java.util.concurrent.ConcurrentHashMap.putVal(Ljava/lang/Object;Ljava/lang/Object;Z)Ljava/lang/Object; @ 148 c2
Event: 6.028 Thread 0x000001850e9ea750 DEOPT PACKING pc=0x00000184baf86748 sp=0x0000001d250fe840
Event: 6.029 Thread 0x000001850e9ea750 DEOPT UNPACKING pc=0x00000184ba986da2 sp=0x0000001d250fe7b0 mode 2

Classes loaded (20 events):
Event: 5.973 Loading class sun/util/logging/resources/logging_en_IN
Event: 5.973 Loading class sun/util/logging/resources/logging_en_IN done
Event: 5.976 Loading class java/util/Formatter$DateTime
Event: 5.976 Loading class java/util/Formatter$DateTime done
Event: 5.976 Loading class java/util/Formatter$FixedString
Event: 5.976 Loading class java/util/Formatter$FixedString done
Event: 5.977 Loading class java/time/ZonedDateTime$1
Event: 5.977 Loading class java/time/ZonedDateTime$1 done
Event: 5.984 Loading class jdk/internal/module/ModulePatcher$PatchedModuleReader
Event: 5.984 Loading class jdk/internal/module/ModulePatcher$PatchedModuleReader done
Event: 5.995 Loading class sun/util/resources/LocaleData$CommonResourceBundleProvider
Event: 5.995 Loading class sun/util/resources/LocaleData$LocaleDataResourceBundleProvider
Event: 5.995 Loading class java/util/spi/ResourceBundleProvider
Event: 5.995 Loading class java/util/spi/ResourceBundleProvider done
Event: 5.995 Loading class sun/util/resources/LocaleData$LocaleDataResourceBundleProvider done
Event: 5.995 Loading class sun/util/resources/LocaleData$CommonResourceBundleProvider done
Event: 5.997 Loading class sun/text/resources/cldr/FormatData_en
Event: 5.998 Loading class sun/text/resources/cldr/FormatData_en done
Event: 5.999 Loading class sun/util/resources/Bundles$2
Event: 5.999 Loading class sun/util/resources/Bundles$2 done

Classes unloaded (0 events):
No events

Classes redefined (0 events):
No events

Internal exceptions (20 events):
Event: 3.698 Thread 0x00000184b0208740 Implicit null exception at 0x00000184baf31ba9 to 0x00000184baf3244c
Event: 3.698 Thread 0x00000184b0208740 Implicit null exception at 0x00000184baf353ba to 0x00000184baf35654
Event: 3.699 Thread 0x00000184b0208740 Exception <a 'java/lang/NoSuchMethodError'{0x00000000d56e2c58}: 'void java.lang.invoke.DirectMethodHandle$Holder.invokeStatic(java.lang.Object, java.lang.Object, java.lang.Object, java.lang.Object)'> (0x00000000d56e2c58) 
thrown [s\src\hotspot\share\interpreter\linkResolver.cpp, line 773]
Event: 3.701 Thread 0x00000184b0208740 Implicit null exception at 0x00000184baf3453c to 0x00000184baf347c8
Event: 3.701 Thread 0x00000184b0208740 Implicit null exception at 0x00000184baf32e3d to 0x00000184baf32ec1
Event: 3.839 Thread 0x00000184b0208740 Exception <a 'java/lang/NoSuchMethodError'{0x00000000d59c2be0}: 'void java.lang.invoke.DirectMethodHandle$Holder.invokeSpecial(java.lang.Object, java.lang.Object, java.lang.Object)'> (0x00000000d59c2be0) 
thrown [s\src\hotspot\share\interpreter\linkResolver.cpp, line 773]
Event: 4.500 Thread 0x00000184b0208740 Exception <a 'java/lang/NoSuchMethodError'{0x00000000d63ddc00}: 'int java.lang.invoke.DirectMethodHandle$Holder.invokeVirtual(java.lang.Object, java.lang.Object)'> (0x00000000d63ddc00) 
thrown [s\src\hotspot\share\interpreter\linkResolver.cpp, line 773]
Event: 4.819 Thread 0x00000184b0208740 Exception <a 'java/lang/NoSuchMethodError'{0x00000000d6555e60}: 'int java.lang.invoke.DirectMethodHandle$Holder.invokeStaticInit(java.lang.Object, java.lang.Object, java.lang.Object, java.lang.Object)'> (0x00000000d6555e60) 
thrown [s\src\hotspot\share\interpreter\linkResolver.cpp, line 773]
Event: 4.822 Thread 0x00000184b0208740 Exception <a 'java/lang/IncompatibleClassChangeError'{0x00000000d655e268}: Found class java.lang.Object, but interface was expected> (0x00000000d655e268) 
thrown [s\src\hotspot\share\interpreter\linkResolver.cpp, line 840]
Event: 4.823 Thread 0x00000184b0208740 Exception <a 'java/lang/NoSuchMethodError'{0x00000000d6564838}: 'void java.lang.invoke.DirectMethodHandle$Holder.invokeStaticInit(java.lang.Object, java.lang.Object)'> (0x00000000d6564838) 
thrown [s\src\hotspot\share\interpreter\linkResolver.cpp, line 773]
Event: 4.824 Thread 0x00000184b0208740 Exception <a 'java/lang/NoSuchMethodError'{0x00000000d656d9d0}: 'int java.lang.invoke.DirectMethodHandle$Holder.invokeStaticInit(java.lang.Object, java.lang.Object)'> (0x00000000d656d9d0) 
thrown [s\src\hotspot\share\interpreter\linkResolver.cpp, line 773]
Event: 5.077 Thread 0x00000184b0208740 Exception <a 'java/lang/NoSuchMethodError'{0x00000000d67b4728}: 'java.lang.Object java.lang.invoke.DirectMethodHandle$Holder.newInvokeSpecial(java.lang.Object, int, java.lang.Object)'> (0x00000000d67b4728) 
thrown [s\src\hotspot\share\interpreter\linkResolver.cpp, line 773]
Event: 5.155 Thread 0x00000184b0208740 Exception <a 'java/lang/ClassNotFoundException'{0x00000000d69cdf28}: sun/net/www/protocol/plurl/Handler> (0x00000000d69cdf28) 
thrown [s\src\hotspot\share\classfile\systemDictionary.cpp, line 312]
Event: 5.155 Thread 0x00000184b0208740 Exception <a 'java/lang/ClassNotFoundException'{0x00000000d69ceda8}: sun/net/www/protocol/plurl/Handler> (0x00000000d69ceda8) 
thrown [s\src\hotspot\share\classfile\systemDictionary.cpp, line 312]
Event: 5.659 Thread 0x00000184b0208740 Exception <a 'java/lang/UnsatisfiedLinkError'{0x00000000d6e686f0}: 'void org.eclipse.equinox.launcher.JNIBridge._update_splash()'> (0x00000000d6e686f0) 
thrown [s\src\hotspot\share\prims\nativeLookup.cpp, line 415]
Event: 5.771 Thread 0x000001850e068540 Exception <a 'java/lang/NoSuchMethodError'{0x00000000d5869730}: 'void java.lang.invoke.DirectMethodHandle$Holder.invokeInterface(java.lang.Object, java.lang.Object, java.lang.Object)'> (0x00000000d5869730) 
thrown [s\src\hotspot\share\interpreter\linkResolver.cpp, line 773]
Event: 5.906 Thread 0x000001850e9ea750 Exception <a 'java/lang/NoSuchMethodError'{0x00000000d5c40ea0}: 'java.lang.Object java.lang.invoke.DirectMethodHandle$Holder.newInvokeSpecial(java.lang.Object, java.lang.Object, int, java.lang.Object)'> (0x00000000d5c40ea0) 
thrown [s\src\hotspot\share\interpreter\linkResolver.cpp, line 773]
Event: 5.907 Thread 0x000001850e9ea750 Exception <a 'java/lang/NoSuchMethodError'{0x00000000d5c44cd0}: 'java.lang.Object java.lang.invoke.DirectMethodHandle$Holder.invokeSpecial(java.lang.Object, java.lang.Object, java.lang.Object, int, java.lang.Object)'> (0x00000000d5c44cd0) 
thrown [s\src\hotspot\share\interpreter\linkResolver.cpp, line 773]
Event: 5.931 Thread 0x000001850e9ea750 Exception <a 'java/lang/NoClassDefFoundError'{0x00000000d5cebc20}: jakarta/servlet/ServletContainerInitializer> (0x00000000d5cebc20) 
thrown [s\src\hotspot\share\classfile\systemDictionary.cpp, line 301]
Event: 5.970 Thread 0x000001850e9ea750 Exception <a 'java/lang/ClassNotFoundException'{0x00000000d5e408c8}: sun/util/logging/resources/spi/loggingProvider> (0x00000000d5e408c8) 
thrown [s\src\hotspot\share\classfile\systemDictionary.cpp, line 312]

ZGC Phase Switch (0 events):
No events

VM Operations (20 events):
Event: 4.612 Executing VM operation: Cleanup
Event: 4.612 Executing VM operation: Cleanup done
Event: 4.866 Executing VM operation: HandshakeAllThreads (Deoptimize)
Event: 4.877 Executing VM operation: HandshakeAllThreads (Deoptimize) done
Event: 4.923 Executing VM operation: HandshakeAllThreads (Deoptimize)
Event: 4.923 Executing VM operation: HandshakeAllThreads (Deoptimize) done
Event: 5.134 Executing VM operation: HandshakeAllThreads (Deoptimize)
Event: 5.134 Executing VM operation: HandshakeAllThreads (Deoptimize) done
Event: 5.149 Executing VM operation: HandshakeAllThreads (Deoptimize)
Event: 5.149 Executing VM operation: HandshakeAllThreads (Deoptimize) done
Event: 5.661 Executing VM operation: ParallelGCFailedAllocation (Allocation Failure)
Event: 5.672 Executing VM operation: ParallelGCFailedAllocation (Allocation Failure) done
Event: 5.952 Executing VM operation: HandshakeAllThreads (Deoptimize)
Event: 5.952 Executing VM operation: HandshakeAllThreads (Deoptimize) done
Event: 5.985 Executing VM operation: HandshakeAllThreads (Deoptimize)
Event: 5.985 Executing VM operation: HandshakeAllThreads (Deoptimize) done
Event: 6.009 Executing VM operation: HandshakeAllThreads (Deoptimize)
Event: 6.009 Executing VM operation: HandshakeAllThreads (Deoptimize) done
Event: 6.028 Executing VM operation: HandshakeAllThreads (Deoptimize)
Event: 6.028 Executing VM operation: HandshakeAllThreads (Deoptimize) done

Memory protections (0 events):
No events

Nmethod flushes (0 events):
No events

Events (20 events):
Event: 0.269 Thread 0x00000184b0208740 Thread added: 0x00000184c6c83410
Event: 0.269 Thread 0x00000184b0208740 Thread added: 0x00000184c6c84730
Event: 0.269 Thread 0x00000184b0208740 Thread added: 0x00000184c6c88ad0
Event: 0.314 Thread 0x00000184b0208740 Thread added: 0x00000185095916d0
Event: 0.824 Thread 0x00000184b0208740 Thread added: 0x00000185096f5630
Event: 1.153 Thread 0x00000185095916d0 Thread added: 0x00000185097853c0
Event: 1.622 Thread 0x00000184b0208740 Thread added: 0x00000185098757f0
Event: 2.120 Thread 0x00000185097853c0 Thread exited: 0x00000185097853c0
Event: 2.779 Thread 0x00000185095916d0 Thread added: 0x00000185098bbec0
Event: 2.973 Thread 0x00000185095916d0 Thread added: 0x000001850e34de70
Event: 3.660 Thread 0x000001850e34de70 Thread exited: 0x000001850e34de70
Event: 3.993 Thread 0x00000185095916d0 Thread added: 0x000001850e62fa60
Event: 4.581 Thread 0x000001850e62fa60 Thread exited: 0x000001850e62fa60
Event: 4.589 Thread 0x00000185098bbec0 Thread exited: 0x00000185098bbec0
Event: 4.845 Thread 0x00000184b0208740 Thread added: 0x000001850e838d70
Event: 5.657 Thread 0x00000184b0208740 Thread added: 0x000001850e068540
Event: 5.776 Thread 0x000001850e068540 Thread added: 0x000001850e9ea0f0
Event: 5.785 Thread 0x00000184b0208740 Thread added: 0x000001850e9ea750
Event: 5.855 Thread 0x00000184c6c88ad0 Thread added: 0x0000018509888fd0
Event: 6.047 Thread 0x00000185095916d0 Thread added: 0x000001850e699a20


Dynamic libraries:
0x00007ff636870000 - 0x00007ff63687e000 	c:\Users\rautn\.vscode\extensions\redhat.java-1.51.0-win32-x64\jre\21.0.9-win32-x86_64\bin\java.exe
0x00007ffc482e0000 - 0x00007ffc48547000 	C:\WINDOWS\SYSTEM32\ntdll.dll
0x00007ffc11e80000 - 0x00007ffc11ea0000 	C:\Program Files\Avast Software\Avast\aswhook.dll
0x00007ffc46d30000 - 0x00007ffc46df9000 	C:\WINDOWS\System32\KERNEL32.DLL
0x00007ffc454c0000 - 0x00007ffc458af000 	C:\WINDOWS\System32\KERNELBASE.dll
0x00007ffc45e70000 - 0x00007ffc45fbb000 	C:\WINDOWS\System32\ucrtbase.dll
0x00007ffc15d00000 - 0x00007ffc15d18000 	c:\Users\rautn\.vscode\extensions\redhat.java-1.51.0-win32-x64\jre\21.0.9-win32-x86_64\bin\jli.dll
0x00007ffc46580000 - 0x00007ffc46745000 	C:\WINDOWS\System32\USER32.dll
0x00007ffc45a40000 - 0x00007ffc45a67000 	C:\WINDOWS\System32\win32u.dll
0x00007ffc47f90000 - 0x00007ffc47fbb000 	C:\WINDOWS\System32\GDI32.dll
0x00007ffc45d40000 - 0x00007ffc45e6c000 	C:\WINDOWS\System32\gdi32full.dll
0x00007ffc45a70000 - 0x00007ffc45b13000 	C:\WINDOWS\System32\msvcp_win.dll
0x00007ffc15d20000 - 0x00007ffc15d3e000 	c:\Users\rautn\.vscode\extensions\redhat.java-1.51.0-win32-x64\jre\21.0.9-win32-x86_64\bin\VCRUNTIME140.dll
0x00007ffc28660000 - 0x00007ffc288f3000 	C:\WINDOWS\WinSxS\amd64_microsoft.windows.common-controls_6595b64144ccf1df_6.0.26100.7309_none_3e05feeae336a044\COMCTL32.dll
0x00007ffc48100000 - 0x00007ffc481a9000 	C:\WINDOWS\System32\msvcrt.dll
0x00007ffc47f50000 - 0x00007ffc47f81000 	C:\WINDOWS\System32\IMM32.DLL
0x00007ffc16380000 - 0x00007ffc1638c000 	c:\Users\rautn\.vscode\extensions\redhat.java-1.51.0-win32-x64\jre\21.0.9-win32-x86_64\bin\vcruntime140_1.dll
0x00007ffc0c320000 - 0x00007ffc0c3ad000 	c:\Users\rautn\.vscode\extensions\redhat.java-1.51.0-win32-x64\jre\21.0.9-win32-x86_64\bin\msvcp140.dll
0x00007ffb74210000 - 0x00007ffb74fb0000 	c:\Users\rautn\.vscode\extensions\redhat.java-1.51.0-win32-x64\jre\21.0.9-win32-x86_64\bin\server\jvm.dll
0x00007ffc47fc0000 - 0x00007ffc48074000 	C:\WINDOWS\System32\ADVAPI32.dll
0x00007ffc46750000 - 0x00007ffc467f6000 	C:\WINDOWS\System32\sechost.dll
0x00007ffc460f0000 - 0x00007ffc46208000 	C:\WINDOWS\System32\RPCRT4.dll
0x00007ffc46290000 - 0x00007ffc46304000 	C:\WINDOWS\System32\WS2_32.dll
0x00007ffc45290000 - 0x00007ffc452ee000 	C:\WINDOWS\SYSTEM32\POWRPROF.dll
0x00007ffc3aef0000 - 0x00007ffc3af25000 	C:\WINDOWS\SYSTEM32\WINMM.dll
0x00007ffc3eb30000 - 0x00007ffc3eb3b000 	C:\WINDOWS\SYSTEM32\VERSION.dll
0x00007ffc45270000 - 0x00007ffc45284000 	C:\WINDOWS\SYSTEM32\UMPDC.dll
0x00007ffc441e0000 - 0x00007ffc441fb000 	C:\WINDOWS\SYSTEM32\kernel.appcore.dll
0x00007ffc161c0000 - 0x00007ffc161ca000 	c:\Users\rautn\.vscode\extensions\redhat.java-1.51.0-win32-x64\jre\21.0.9-win32-x86_64\bin\jimage.dll
0x00007ffc42890000 - 0x00007ffc42ad2000 	C:\WINDOWS\SYSTEM32\DBGHELP.DLL
0x00007ffc46800000 - 0x00007ffc46b86000 	C:\WINDOWS\System32\combase.dll
0x00007ffc47e70000 - 0x00007ffc47f46000 	C:\WINDOWS\System32\OLEAUT32.dll
0x00007ffc31a20000 - 0x00007ffc31a5c000 	C:\WINDOWS\SYSTEM32\dbgcore.DLL
0x00007ffc45b20000 - 0x00007ffc45bc5000 	C:\WINDOWS\System32\bcryptPrimitives.dll
0x00007ffc16190000 - 0x00007ffc1619f000 	c:\Users\rautn\.vscode\extensions\redhat.java-1.51.0-win32-x64\jre\21.0.9-win32-x86_64\bin\instrument.dll
0x00007ffc0f930000 - 0x00007ffc0f950000 	c:\Users\rautn\.vscode\extensions\redhat.java-1.51.0-win32-x64\jre\21.0.9-win32-x86_64\bin\java.dll
0x00007ffc471d0000 - 0x00007ffc47923000 	C:\WINDOWS\System32\SHELL32.dll
0x00007ffc45bd0000 - 0x00007ffc45d3a000 	C:\WINDOWS\System32\wintypes.dll
0x00007ffc43000000 - 0x00007ffc4385e000 	C:\WINDOWS\SYSTEM32\windows.storage.dll
0x00007ffc46c20000 - 0x00007ffc46d15000 	C:\WINDOWS\System32\SHCORE.dll
0x00007ffc46080000 - 0x00007ffc460e6000 	C:\WINDOWS\System32\shlwapi.dll
0x00007ffc45350000 - 0x00007ffc45379000 	C:\WINDOWS\SYSTEM32\profapi.dll
0x00007ffc0f1c0000 - 0x00007ffc0f1d8000 	c:\Users\rautn\.vscode\extensions\redhat.java-1.51.0-win32-x64\jre\21.0.9-win32-x86_64\bin\zip.dll
0x00007ffc15cf0000 - 0x00007ffc15d00000 	C:\Users\rautn\.vscode\extensions\redhat.java-1.51.0-win32-x64\jre\21.0.9-win32-x86_64\bin\net.dll
0x00007ffc363a0000 - 0x00007ffc364c8000 	C:\WINDOWS\SYSTEM32\WINHTTP.dll
0x00007ffc44750000 - 0x00007ffc447bb000 	C:\WINDOWS\system32\mswsock.dll
0x00007ffc0f1a0000 - 0x00007ffc0f1b6000 	C:\Users\rautn\.vscode\extensions\redhat.java-1.51.0-win32-x64\jre\21.0.9-win32-x86_64\bin\nio.dll
0x00007ffc15c50000 - 0x00007ffc15c60000 	c:\Users\rautn\.vscode\extensions\redhat.java-1.51.0-win32-x64\jre\21.0.9-win32-x86_64\bin\verify.dll
0x00007ffc0c500000 - 0x00007ffc0c544000 	C:\Users\rautn\AppData\Roaming\Code\User\globalStorage\redhat.java\1.51.0\config_win\org.eclipse.equinox.launcher\org.eclipse.equinox.launcher.win32.win32.x86_64_1.2.1400.v20250801-0854\eclipse_11916.dll
0x00007ffc47030000 - 0x00007ffc471c7000 	C:\WINDOWS\System32\ole32.dll

JVMTI agents:
c:\Users\rautn\.vscode\extensions\redhat.java-1.51.0-win32-x64\lombok\lombok-1.18.39-4050.jar path:c:\Users\rautn\.vscode\extensions\redhat.java-1.51.0-win32-x64\jre\21.0.9-win32-x86_64\bin\instrument.dll, loaded, initialized, instrumentlib options:none

dbghelp: loaded successfully - version: 4.0.5 - missing functions: none
symbol engine: initialized successfully - sym options: 0x614 - pdb path: .;c:\Users\rautn\.vscode\extensions\redhat.java-1.51.0-win32-x64\jre\21.0.9-win32-x86_64\bin;C:\WINDOWS\SYSTEM32;C:\Program Files\Avast Software\Avast;C:\WINDOWS\WinSxS\amd64_microsoft.windows.common-controls_6595b64144ccf1df_6.0.26100.7309_none_3e05feeae336a044;c:\Users\rautn\.vscode\extensions\redhat.java-1.51.0-win32-x64\jre\21.0.9-win32-x86_64\bin\server;C:\Users\rautn\AppData\Roaming\Code\User\globalStorage\redhat.java\1.51.0\config_win\org.eclipse.equinox.launcher\org.eclipse.equinox.launcher.win32.win32.x86_64_1.2.1400.v20250801-0854

VM Arguments:
jvm_args: --add-modules=ALL-SYSTEM --add-opens=java.base/java.util=ALL-UNNAMED --add-opens=java.base/java.lang=ALL-UNNAMED --add-opens=java.base/sun.nio.fs=ALL-UNNAMED -Declipse.application=org.eclipse.jdt.ls.core.id1 -Dosgi.bundles.defaultStartLevel=4 -Declipse.product=org.eclipse.jdt.ls.core.product -Djava.import.generatesMetadataFilesAtProjectRoot=false -DDetectVMInstallationsJob.disabled=true -Dfile.encoding=utf8 -XX:+UseParallelGC -XX:GCTimeRatio=4 -XX:AdaptiveSizePolicyWeight=90 -Dsun.zip.disableMemoryMapping=true -Xmx2G -Xms100m -Xlog:disable -javaagent:c:\Users\rautn\.vscode\extensions\redhat.java-1.51.0-win32-x64\lombok\lombok-1.18.39-4050.jar -XX:+HeapDumpOnOutOfMemoryError -XX:HeapDumpPath=c:\Users\rautn\AppData\Roaming\Code\User\workspaceStorage\6f07e048cb149c91d73451993cf483fa\redhat.java -Daether.dependencyCollector.impl=bf 
java_command: c:\Users\rautn\.vscode\extensions\redhat.java-1.51.0-win32-x64\server\plugins\org.eclipse.equinox.launcher_1.7.100.v20251111-0406.jar -configuration c:\Users\rautn\AppData\Roaming\Code\User\globalStorage\redhat.java\1.51.0\config_win -data c:\Users\rautn\AppData\Roaming\Code\User\workspaceStorage\6f07e048cb149c91d73451993cf483fa\redhat.java\jdt_ws --pipe=\\.\pipe\lsp-83e025315dc4b1c373e609c1997f0a44-sock
java_class_path (initial): c:\Users\rautn\.vscode\extensions\redhat.java-1.51.0-win32-x64\server\plugins\org.eclipse.equinox.launcher_1.7.100.v20251111-0406.jar
Launcher Type: SUN_STANDARD

[Global flags]
    uintx AdaptiveSizePolicyWeight                 = 90                                        {product} {command line}
     intx CICompilerCount                          = 4                                         {product} {ergonomic}
    uintx GCTimeRatio                              = 4                                         {product} {command line}
     bool HeapDumpOnOutOfMemoryError               = true                                   {manageable} {command line}
    ccstr HeapDumpPath                             = c:\Users\rautn\AppData\Roaming\Code\User\workspaceStorage\6f07e048cb149c91d73451993cf483fa\redhat.java         {manageable} {command line}
   size_t InitialHeapSize                          = 104857600                                 {product} {command line}
   size_t MaxHeapSize                              = 2147483648                                {product} {command line}
   size_t MaxNewSize                               = 715653120                                 {product} {ergonomic}
   size_t MinHeapDeltaBytes                        = 524288                                    {product} {ergonomic}
   size_t MinHeapSize                              = 104857600                                 {product} {command line}
   size_t NewSize                                  = 34603008                                  {product} {ergonomic}
    uintx NonNMethodCodeHeapSize                   = 5839372                                {pd product} {ergonomic}
    uintx NonProfiledCodeHeapSize                  = 122909434                              {pd product} {ergonomic}
   size_t OldSize                                  = 70254592                                  {product} {ergonomic}
    uintx ProfiledCodeHeapSize                     = 122909434                              {pd product} {ergonomic}
    uintx ReservedCodeCacheSize                    = 251658240                              {pd product} {ergonomic}
     bool SegmentedCodeCache                       = true                                      {product} {ergonomic}
   size_t SoftMaxHeapSize                          = 2147483648                             {manageable} {ergonomic}
     bool UseCompressedOops                        = true                           {product lp64_product} {ergonomic}
     bool UseLargePagesIndividualAllocation        = false                                  {pd product} {ergonomic}
     bool UseParallelGC                            = true                                      {product} {command line}

Logging:
Log output configuration:
 #0: stdout all=off uptime,level,tags foldmultilines=false
 #1: stderr all=off uptime,level,tags foldmultilines=false

Release file:
JAVA_VERSION="21.0.9" 
MODULES="java.base java.compiler java.datatransfer java.xml java.prefs java.desktop java.instrument java.logging java.management java.security.sasl java.naming java.rmi java.management.rmi java.net.http java.scripting java.security.jgss java.transaction.xa java.sql java.sql.rowset java.xml.crypto java.se java.smartcardio jdk.accessibility jdk.internal.jvmstat jdk.attach jdk.charsets jdk.internal.opt jdk.zipfs jdk.compiler jdk.crypto.ec jdk.crypto.cryptoki jdk.crypto.mscapi jdk.dynalink jdk.internal.ed jdk.editpad jdk.hotspot.agent jdk.httpserver jdk.internal.le jdk.internal.vm.ci jdk.internal.vm.compiler jdk.internal.vm.compiler.management jdk.jartool jdk.javadoc jdk.jcmd jdk.management jdk.management.agent jdk.jconsole jdk.jdeps jdk.jdwp.agent jdk.jdi jdk.jfr jdk.jshell jdk.jsobject jdk.jstatd jdk.localedata jdk.management.jfr jdk.naming.dns jdk.naming.rmi jdk.net jdk.nio.mapmode jdk.random jdk.sctp jdk.security.auth jdk.security.jgss jdk.unsupported jdk.unsupported.desktop jdk.xml.dom" 

Environment Variables:
PATH=C:\Python313\Scripts\;C:\Python313\;C:\Program Files\Common Files\Oracle\Java\javapath;C:\WINDOWS\system32;C:\WINDOWS;C:\WINDOWS\System32\Wbem;C:\WINDOWS\System32\WindowsPowerShell\v1.0\;C:\WINDOWS\System32\OpenSSH\;C:\Program Files\Git\cmd;C:\Users\rautn\Downloads\apache-maven-3.9.11-bin\apache-maven-3.9.11\bin;C:\Program Files\nodejs\;C:\ProgramData\chocolatey\bin;C:\Users\rautn\Downloads\mongosh-2.5.7-win32-x64\bin;C:\Program Files\MongoDB\Server\8.0\bin;C:\Program Files\MySQL\MySQL Shell 8.0\bin\;C:\Users\rautn\AppData\Local\Microsoft\WindowsApps;C:\Users\rautn\AppData\Local\GitHubDesktop\bin;C:\Program Files\JetBrains\IntelliJ IDEA Community Edition 2025.2\bin;C:\Users\rautn\Downloads\apache-maven-3.9.11-bin\apache-maven-3.9.11\bin;C:\Users\rautn\AppData\Roaming\npm;C:\Program Files\JetBrains\PyCharm 2025.2.4\bin;C:\Users\rautn\AppData\Local\Programs\Microsoft VS Code\bin
USERNAME=swamini
OS=Windows_NT
PROCESSOR_IDENTIFIER=Intel64 Family 6 Model 140 Stepping 1, GenuineIntel
TMP=C:\Users\rautn\AppData\Local\Temp
TEMP=C:\Users\rautn\AppData\Local\Temp




Periodic native trim disabled

---------------  S Y S T E M  ---------------

OS:
 Windows 11 , 64 bit Build 26100 (10.0.26100.7623)
OS uptime: 0 days 1:03 hours
Hyper-V role detected

CPU: total 8 (initial active 8) (4 cores per cpu, 2 threads per core) family 6 model 140 stepping 1 microcode 0xb4, cx8, cmov, fxsr, ht, mmx, 3dnowpref, sse, sse2, sse3, ssse3, sse4.1, sse4.2, popcnt, lzcnt, tsc, tscinvbit, avx, avx2, aes, erms, clmul, bmi1, bmi2, adx, avx512f, avx512dq, avx512cd, avx512bw, avx512vl, sha, fma, vzeroupper, avx512_vpopcntdq, avx512_vpclmulqdq, avx512_vaes, avx512_vnni, clflush, clflushopt, clwb, avx512_vbmi2, avx512_vbmi, hv, rdtscp, rdpid, fsrm, gfni, avx512_bitalg, f16c, cet_ibt, cet_ss, avx512_ifma
Processor Information for processor 0
  Max Mhz: 2401, Current Mhz: 2400, Mhz Limit: 2376
Processor Information for processor 1
  Max Mhz: 2401, Current Mhz: 1100, Mhz Limit: 2376
Processor Information for processor 2
  Max Mhz: 2401, Current Mhz: 2400, Mhz Limit: 2376
Processor Information for processor 3
  Max Mhz: 2401, Current Mhz: 2400, Mhz Limit: 2376
Processor Information for processor 4
  Max Mhz: 2401, Current Mhz: 2400, Mhz Limit: 2376
Processor Information for processor 5
  Max Mhz: 2401, Current Mhz: 2400, Mhz Limit: 2376
Processor Information for processor 6
  Max Mhz: 2401, Current Mhz: 2400, Mhz Limit: 2376
Processor Information for processor 7
  Max Mhz: 2401, Current Mhz: 2400, Mhz Limit: 2376

Memory: 4k page, system-wide physical 7834M (579M free)
TotalPageFile size 14096M (AvailPageFile size 7M)
current process WorkingSet (physical memory assigned to process): 106M, peak: 106M
current process commit charge ("private bytes"): 249M, peak: 249M

vm_info: OpenJDK 64-Bit Server VM (21.0.9+10-LTS) for windows-amd64 JRE (21.0.9+10-LTS), built on 2025-10-21T00:00:00Z by "admin" with unknown MS VC++:1942

END.
